make.exe all --print-data-base --no-builtin-variables --no-builtin-rules --question
make.exe: *** No rule to make target 'all'.  Stop.

# GNU Make 4.2.1
# Built for Windows32
# Copyright (C) 1988-2016 Free Software Foundation, Inc.
# License GPLv3+: GNU GPL version 3 or later <http://gnu.org/licenses/gpl.html>
# This is free software: you are free to change and redistribute it.
# There is NO WARRANTY, to the extent permitted by law.

# Make data base, printed on Fri Jun 17 16:41:38 2022

# Variables

# 'override' directive
GNUMAKEFLAGS := 
# automatic
<D = $(patsubst %/,%,$(patsubst %\,%,$(dir $<)))
# automatic
?F = $(notdir $?)
# environment
CUDA_PATH_V11_6 = C:\Program Files\NVIDIA GPU Computing Toolkit\CUDA\v11.6
# default
.SHELLFLAGS := -c
# makefile
MAKEFLAGS = pqrR
# environment
VSCODE_LOG_NATIVE = false
# automatic
?D = $(patsubst %/,%,$(patsubst %\,%,$(dir $?)))
# automatic
@D = $(patsubst %/,%,$(patsubst %\,%,$(dir $@)))
# environment
HOMEDRIVE = C:
# automatic
@F = $(notdir $@)
# automatic
^D = $(patsubst %/,%,$(patsubst %\,%,$(dir $^)))
# makefile
CURDIR := c:/Users/alexb/Documents/10. Semester/ADL4CV/Git/Weakly-supervised-3D-semantic-scene-reconstruction
# default
SHELL := sh.exe
# environment
WINDIR = C:\WINDOWS
# environment
VSCODE_NLS_CONFIG = {"locale":"de","availableLanguages":{},"_languagePackSupport":true}
# environment
ONEDRIVE = C:\Users\alexb\OneDrive
# environment
PATHEXT = .COM;.EXE;.BAT;.CMD;.VBS;.VBE;.JS;.JSE;.WSF;.WSH;.MSC
# makefile
MAKEFILE_LIST := 
# environment
FPS_BROWSER_USER_PROFILE_STRING = Default
# environment
TMP = C:\Users\alexb\AppData\Local\Temp
# environment
VSCODE_VERBOSE_LOGGING = true
# environment
PROGRAMW6432 = C:\Program Files
# environment
PROGRAMDATA = C:\ProgramData
# environment
VSCODE_IPC_HOOK_EXTHOST = \\.\pipe\vscode-ipc-76d2cfb9-0d1a-40f3-8f99-9ce60b1bd99f-sock
# environment
VSCODE_CWD = C:\Users\alexb\Documents\10. Semester\ADL4CV\Git\Weakly-supervised-3D-semantic-scene-reconstruction
# default
MAKE_HOST := Windows32
# environment
PATH = C:\Program Files\NVIDIA GPU Computing Toolkit\CUDA\v11.6\bin;C:\Program Files\NVIDIA GPU Computing Toolkit\CUDA\v11.6\libnvvp;C:\WINDOWS\system32;C:\WINDOWS;C:\WINDOWS\System32\Wbem;C:\WINDOWS\System32\WindowsPowerShell\v1.0\;C:\WINDOWS\System32\OpenSSH\;C:\Program Files\Git\cmd;C:\Program Files\NVIDIA Corporation\Nsight Compute 2022.1.0\;C:\Program Files (x86)\NVIDIA Corporation\PhysX\Common;C:\Program Files\Microsoft Visual Studio\2022\Community\VC\Tools\MSVC\14.30.30705\bin\Hostx64\x64;C:\Program Files\Graphviz\bin;;C:\Program Files\NVIDIA Corporation\NVIDIA NvDLISR;C:\Program Files (x86)\Intel\Intel(R) Management Engine Components\DAL;C:\Program Files\Intel\Intel(R) Management Engine Components\DAL;C:\Program Files\CMake\bin;C:\Users\alexb\AppData\Local\Programs\Python\Python37\Scripts\;C:\Users\alexb\AppData\Local\Programs\Python\Python37\;C:\Users\alexb\AppData\Local\Microsoft\WindowsApps;C:\Users\alexb\AppData\Local\Programs\Microsoft VS Code\bin;C:\minikube;C:\MinGW\bin;C:\pympress-v1.7.1-x86_64\pympress;C:\Program Files\R\R-4.2.0\bin;C:\Program Files\R\R-4.2.0\bin\x64;
# environment
COMMONPROGRAMW6432 = C:\Program Files\Common Files
# environment
IMFUSION_SDK = C:\Program Files\ImFusion\ImFusion Suite\
# environment
PROCESSOR_ARCHITECTURE = AMD64
# environment
USERPROFILE = C:\Users\alexb
# environment
ALLUSERSPROFILE = C:\ProgramData
# environment
VSCODE_LOG_STACK = false
# environment
NUMBER_OF_PROCESSORS = 8
# environment
ELECTRON_RUN_AS_NODE = 1
# default
.FEATURES := target-specific order-only second-expansion else-if shortest-stem undefine oneshell archives jobserver output-sync load
# environment
NVTOOLSEXT_PATH = C:\Program Files\NVIDIA Corporation\NvToolsExt\
# automatic
%F = $(notdir $%)
# environment
CHROME_CRASHPAD_PIPE_NAME = \\.\pipe\crashpad_28412_MDKBNXBHETHLLPTV
# environment
VSCODE_PIPE_LOGGING = true
# environment
COMPUTERNAME = DESKTOP-FPR5KUT
# environment
PROGRAMFILES = C:\Program Files
# default
.LOADED := 
# environment
DRIVERDATA = C:\Windows\System32\Drivers\DriverData
# environment
ORIGINAL_XDG_CURRENT_DESKTOP = undefined
# environment
USERNAME = alexb
# environment
PUBLIC = C:\Users\Public
# environment
VSCODE_AMD_ENTRYPOINT = vs/workbench/api/node/extensionHostProcess
# environment
VSCODE_CODE_CACHE_PATH = C:\Users\alexb\AppData\Roaming\Code\CachedData\30d9c6cd9483b2cc586687151bcbcd635f373630
# environment
APPLICATION_INSIGHTS_NO_DIAGNOSTIC_CHANNEL = 1
# environment
COMMONPROGRAMFILES = C:\Program Files\Common Files
# environment
LOGONSERVER = \\DESKTOP-FPR5KUT
# environment
VSCODE_HANDLES_UNCAUGHT_ERRORS = true
# environment
USERDOMAIN = DESKTOP-FPR5KUT
# environment
MAKELEVEL := 0
# default
MAKE = $(MAKE_COMMAND)
# default
MAKECMDGOALS := all
# default
MAKE_VERSION := 4.2.1
# makefile
.DEFAULT_GOAL := 
# environment
PROGRAMFILES(X86) = C:\Program Files (x86)
# automatic
%D = $(patsubst %/,%,$(patsubst %\,%,$(dir $%)))
# environment
LOCALAPPDATA = C:\Users\alexb\AppData\Local
# environment
PSMODULEPATH = C:\Program Files\WindowsPowerShell\Modules;C:\WINDOWS\system32\WindowsPowerShell\v1.0\Modules
# default
MAKE_COMMAND := make.exe
# default
.VARIABLES := 
# automatic
*F = $(notdir $*)
# environment
PROCESSOR_IDENTIFIER = Intel64 Family 6 Model 142 Stepping 10, GenuineIntel
# environment
OS = Windows_NT
# environment
VSCODE_IPC_HOOK = \\.\pipe\5867390e1bd30aa9153e618b572024d1-1.68.1-main-sock
# environment
HOMEPATH = \Users\alexb
# environment
COMMONPROGRAMFILES(X86) = C:\Program Files (x86)\Common Files
# environment
PROMPT = $P$G
# environment
MFLAGS = -pqrR
# automatic
*D = $(patsubst %/,%,$(patsubst %\,%,$(dir $*)))
# environment
SYSTEMROOT = C:\WINDOWS
# automatic
+D = $(patsubst %/,%,$(patsubst %\,%,$(dir $+)))
# automatic
+F = $(notdir $+)
# environment
APPDATA = C:\Users\alexb\AppData\Roaming
# environment
TEMP = C:\Users\alexb\AppData\Local\Temp
# environment
COMSPEC = C:\WINDOWS\system32\cmd.exe
# default
MAKEFILES := 
# automatic
<F = $(notdir $<)
# environment
LC_ALL = C
# automatic
^F = $(notdir $^)
# environment
CUDA_PATH = C:\Program Files\NVIDIA GPU Computing Toolkit\CUDA\v11.6
# default
SUFFIXES := 
# environment
SYSTEMDRIVE = C:
# environment
SESSIONNAME = Console
# environment
PROCESSOR_REVISION = 8e0a
# default
.INCLUDE_DIRS = .
# default
.RECIPEPREFIX := 
# environment
LANG = C
# environment
PROCESSOR_LEVEL = 6
# environment
FPS_BROWSER_APP_PROFILE_STRING = Internet Explorer
# environment
VSCODE_PID = 28412
# environment
USERDOMAIN_ROAMINGPROFILE = DESKTOP-FPR5KUT
# variable set hash-table stats:
# Load=97/1024=9%, Rehash=0, Collisions=15/116=13%

# Pattern-specific Variable Values

# No pattern-specific variable values.

# Directories

# . (key c:/Users/alexb/Documents/10. Semester/ADL4CV/Git/Weakly-supervised-3D-semantic-scene-reconstruction, mtime 1655476853): 27 files, no impossibilities.

# 27 files, no impossibilities in 1 directories.

# Implicit Rules

# No implicit rules.

# Files

# Not a target:
all:
#  Command line target.
#  Implicit rule search has been done.
#  File does not exist.
#  File has not been updated.

# Not a target:
Makefile:
#  Implicit rule search has been done.
#  File does not exist.
#  File has been updated.
#  Failed to be updated.

# Not a target:
makefile:
#  Implicit rule search has been done.
#  File does not exist.
#  File has been updated.
#  Failed to be updated.

# Not a target:
makefile.mak:
#  Implicit rule search has been done.
#  File does not exist.
#  File has been updated.
#  Failed to be updated.

# Not a target:
.DEFAULT:
#  Implicit rule search has not been done.
#  Modification time never checked.
#  File has not been updated.

# Not a target:
GNUmakefile:
#  Implicit rule search has been done.
#  File does not exist.
#  File has been updated.
#  Failed to be updated.

# files hash-table stats:
# Load=7/1024=1%, Rehash=0, Collisions=0/16=0%
# VPATH Search Paths

# No 'vpath' search paths.

# No general ('VPATH' variable) search path.

# strcache buffers: 1 (0) / strings = 34 / storage = 347 B / avg = 10 B
# current buf: size = 8162 B / used = 347 B / count = 34 / avg = 10 B

# strcache performance: lookups = 37 / hit rate = 8%
# hash-table stats:
# Load=34/8192=0%, Rehash=0, Collisions=1/37=3%
# Finished Make data base on Fri Jun 17 16:41:38 2022

 
